IQ-TREE multicore version 2.0.7 for Mac OS X 64-bit built Jun 17 2020
Developed by Bui Quang Minh, Nguyen Lam Tung, Olga Chernomor,
Heiko Schmidt, Dominik Schrempf, Michael Woodhams.

Host:    MacBook-Pro.local (AVX2, FMA3, 8 GB RAM)
Command: iqtree2 -s data/gisaid.afa -T AUTO -m GTR+I+G -redo --prefix trees/gisaid.afa
Seed:    214770 (Using SPRNG - Scalable Parallel Random Number Generator)
Time:    Mon Oct 11 10:03:25 2021
Kernel:  AVX+FMA - auto-detect threads (8 CPU cores detected)

Reading alignment file data/gisaid.afa ... Fasta format detected
Alignment most likely contains DNA/RNA sequences
WARNING: 1 sites contain only gaps or ambiguous characters.
Alignment has 98 sequences with 29904 columns, 599 distinct patterns
83 parsimony-informative, 132 singleton sites, 29689 constant sites
WARNING: Some sequence names are changed as follows:
Australia@B@EPI_ISL_416411@2020.066 -> Australia_B_EPI_ISL_416411_2020.066
Australia@B@EPI_ISL_416515@2020.202 -> Australia_B_EPI_ISL_416515_2020.202
Australia@B.3@EPI_ISL_419813@2020.205 -> Australia_B.3_EPI_ISL_419813_2020.205
Australia@A.1@EPI_ISL_419716@2020.21 -> Australia_A.1_EPI_ISL_419716_2020.21
Australia@B.1@EPI_ISL_419725@2020.216 -> Australia_B.1_EPI_ISL_419725_2020.216
Australia@A.1@EPI_ISL_419719@2020.208 -> Australia_A.1_EPI_ISL_419719_2020.208
Australia@B.40@EPI_ISL_416518@2020.205 -> Australia_B.40_EPI_ISL_416518_2020.205
Australia@B.40@EPI_ISL_419729@2020.216 -> Australia_B.40_EPI_ISL_419729_2020.216
Australia@B.1.1@EPI_ISL_419730@2020.216 -> Australia_B.1.1_EPI_ISL_419730_2020.216
Australia@A.1@EPI_ISL_468067@2020.221 -> Australia_A.1_EPI_ISL_468067_2020.221
Australia@B.1@EPI_ISL_419830@2020.221 -> Australia_B.1_EPI_ISL_419830_2020.221
Australia@A.1@EPI_ISL_563817@2020.213 -> Australia_A.1_EPI_ISL_563817_2020.213
Australia@B.6.6@EPI_ISL_563832@2020.227 -> Australia_B.6.6_EPI_ISL_563832_2020.227
Australia@B@EPI_ISL_419734@2020.087 -> Australia_B_EPI_ISL_419734_2020.087
Australia@B.29@EPI_ISL_419842@2020.208 -> Australia_B.29_EPI_ISL_419842_2020.208
Australia@B.61@EPI_ISL_419843@2020.208 -> Australia_B.61_EPI_ISL_419843_2020.208
Australia@B.1@EPI_ISL_419846@2020.208 -> Australia_B.1_EPI_ISL_419846_2020.208
Australia@B.1@EPI_ISL_419861@2020.21 -> Australia_B.1_EPI_ISL_419861_2020.21
Australia@A@EPI_ISL_419736@2020.18 -> Australia_A_EPI_ISL_419736_2020.18
Australia@B.4.5@EPI_ISL_456589@2020.191 -> Australia_B.4.5_EPI_ISL_456589_2020.191
Australia@B.40@EPI_ISL_419868@2020.21 -> Australia_B.40_EPI_ISL_419868_2020.21
Australia@B.1@EPI_ISL_419880@2020.213 -> Australia_B.1_EPI_ISL_419880_2020.213
Australia@B.31@EPI_ISL_521887@2020.221 -> Australia_B.31_EPI_ISL_521887_2020.221
Australia@B.1@EPI_ISL_480562@2020.227 -> Australia_B.1_EPI_ISL_480562_2020.227
Australia@B.1.1@EPI_ISL_521897@2020.232 -> Australia_B.1.1_EPI_ISL_521897_2020.232
Australia@A.1@EPI_ISL_521899@2020.232 -> Australia_A.1_EPI_ISL_521899_2020.232
Australia@B.1.13@EPI_ISL_419897@2020.213 -> Australia_B.1.13_EPI_ISL_419897_2020.213
Australia@B.1@EPI_ISL_419901@2020.213 -> Australia_B.1_EPI_ISL_419901_2020.213
Australia@B.1@EPI_ISL_419906@2020.216 -> Australia_B.1_EPI_ISL_419906_2020.216
Australia@B.40@EPI_ISL_419913@2020.216 -> Australia_B.40_EPI_ISL_419913_2020.216
Australia@B.1@EPI_ISL_419742@2020.186 -> Australia_B.1_EPI_ISL_419742_2020.186
Australia@B.1@EPI_ISL_419916@2020.216 -> Australia_B.1_EPI_ISL_419916_2020.216
Australia@B.31@EPI_ISL_419918@2020.216 -> Australia_B.31_EPI_ISL_419918_2020.216
Australia@B.1@EPI_ISL_419919@2020.216 -> Australia_B.1_EPI_ISL_419919_2020.216
Australia@B.35@EPI_ISL_419928@2020.219 -> Australia_B.35_EPI_ISL_419928_2020.219
Australia@B.1.319@EPI_ISL_419940@2020.219 -> Australia_B.1.319_EPI_ISL_419940_2020.219
Australia@B.1.1@EPI_ISL_419945@2020.219 -> Australia_B.1.1_EPI_ISL_419945_2020.219
Australia@B.1@EPI_ISL_419949@2020.219 -> Australia_B.1_EPI_ISL_419949_2020.219
Australia@A.2.2@EPI_ISL_420036@2020.219 -> Australia_A.2.2_EPI_ISL_420036_2020.219
Australia@B.1@EPI_ISL_419951@2020.219 -> Australia_B.1_EPI_ISL_419951_2020.219
Australia@B.1@EPI_ISL_419953@2020.219 -> Australia_B.1_EPI_ISL_419953_2020.219
Australia@B.35@EPI_ISL_419961@2020.221 -> Australia_B.35_EPI_ISL_419961_2020.221
Australia@A@EPI_ISL_419747@2020.189 -> Australia_A_EPI_ISL_419747_2020.189
Australia@B.1.1.71@EPI_ISL_419748@2020.189 -> Australia_B.1.1.71_EPI_ISL_419748_2020.189
Australia@A.2.2@EPI_ISL_419986@2020.224 -> Australia_A.2.2_EPI_ISL_419986_2020.224
Australia@B.1@EPI_ISL_419994@2020.224 -> Australia_B.1_EPI_ISL_419994_2020.224
Australia@B.31@EPI_ISL_419996@2020.224 -> Australia_B.31_EPI_ISL_419996_2020.224
Australia@B.1@EPI_ISL_419997@2020.224 -> Australia_B.1_EPI_ISL_419997_2020.224
Australia@B.1.23@EPI_ISL_420009@2020.227 -> Australia_B.1.23_EPI_ISL_420009_2020.227
Australia@B.1.23@EPI_ISL_420010@2020.227 -> Australia_B.1.23_EPI_ISL_420010_2020.227
Australia@B.39@EPI_ISL_420013@2020.227 -> Australia_B.39_EPI_ISL_420013_2020.227
Australia@B.61@EPI_ISL_426638@2020.208 -> Australia_B.61_EPI_ISL_426638_2020.208
Australia@B.40@EPI_ISL_426641@2020.21 -> Australia_B.40_EPI_ISL_426641_2020.21
Australia@A.1@EPI_ISL_426644@2020.216 -> Australia_A.1_EPI_ISL_426644_2020.216
Australia@A.2@EPI_ISL_426647@2020.216 -> Australia_A.2_EPI_ISL_426647_2020.216
Australia@B.31@EPI_ISL_426651@2020.216 -> Australia_B.31_EPI_ISL_426651_2020.216
Australia@B.1@EPI_ISL_426654@2020.216 -> Australia_B.1_EPI_ISL_426654_2020.216
Australia@A.2.2@EPI_ISL_426659@2020.216 -> Australia_A.2.2_EPI_ISL_426659_2020.216
Australia@B.1.320@EPI_ISL_426665@2020.219 -> Australia_B.1.320_EPI_ISL_426665_2020.219
Australia@B.1.1@EPI_ISL_426670@2020.221 -> Australia_B.1.1_EPI_ISL_426670_2020.221
Australia@B.1.1@EPI_ISL_426671@2020.221 -> Australia_B.1.1_EPI_ISL_426671_2020.221
Australia@A.1@EPI_ISL_426672@2020.221 -> Australia_A.1_EPI_ISL_426672_2020.221
Australia@B.1.434@EPI_ISL_426678@2020.221 -> Australia_B.1.434_EPI_ISL_426678_2020.221
Australia@A@EPI_ISL_426693@2020.224 -> Australia_A_EPI_ISL_426693_2020.224
Australia@B@EPI_ISL_426696@2020.224 -> Australia_B_EPI_ISL_426696_2020.224
Australia@A.1@EPI_ISL_419758@2020.191 -> Australia_A.1_EPI_ISL_419758_2020.191
Australia@A.2.2@EPI_ISL_426715@2020.23 -> Australia_A.2.2_EPI_ISL_426715_2020.23
Australia@B.1.1@EPI_ISL_426721@2020.23 -> Australia_B.1.1_EPI_ISL_426721_2020.23
Australia@B.31@EPI_ISL_426722@2020.23 -> Australia_B.31_EPI_ISL_426722_2020.23
Australia@A.2.2@EPI_ISL_426732@2020.23 -> Australia_A.2.2_EPI_ISL_426732_2020.23
Australia@B.1@EPI_ISL_426744@2020.227 -> Australia_B.1_EPI_ISL_426744_2020.227
Australia@B@EPI_ISL_426751@2020.23 -> Australia_B_EPI_ISL_426751_2020.23
Australia@B.6@EPI_ISL_426767@2020.224 -> Australia_B.6_EPI_ISL_426767_2020.224
Australia@B.1@EPI_ISL_426770@2020.224 -> Australia_B.1_EPI_ISL_426770_2020.224
Australia@B.1.434@EPI_ISL_426780@2020.224 -> Australia_B.1.434_EPI_ISL_426780_2020.224
Australia@B.1@EPI_ISL_426784@2020.224 -> Australia_B.1_EPI_ISL_426784_2020.224
Australia@B.31@EPI_ISL_426788@2020.224 -> Australia_B.31_EPI_ISL_426788_2020.224
Australia@B.1@EPI_ISL_426791@2020.227 -> Australia_B.1_EPI_ISL_426791_2020.227
Australia@B.1.434@EPI_ISL_426805@2020.227 -> Australia_B.1.434_EPI_ISL_426805_2020.227
Australia@B.1@EPI_ISL_426807@2020.224 -> Australia_B.1_EPI_ISL_426807_2020.224
Australia@B.1@EPI_ISL_426809@2020.227 -> Australia_B.1_EPI_ISL_426809_2020.227
Australia@B.6@EPI_ISL_436689@2020.224 -> Australia_B.6_EPI_ISL_436689_2020.224
Australia@A@EPI_ISL_419777@2020.194 -> Australia_A_EPI_ISL_419777_2020.194
Australia@A.2.2@EPI_ISL_426825@2020.23 -> Australia_A.2.2_EPI_ISL_426825_2020.23
Australia@B.1@EPI_ISL_426831@2020.23 -> Australia_B.1_EPI_ISL_426831_2020.23
Australia@B.4.5@EPI_ISL_419784@2020.194 -> Australia_B.4.5_EPI_ISL_419784_2020.194
Australia@A.2.2@EPI_ISL_426842@2020.23 -> Australia_A.2.2_EPI_ISL_426842_2020.23
Australia@B.1.23@EPI_ISL_426864@2020.232 -> Australia_B.1.23_EPI_ISL_426864_2020.232
Australia@A@EPI_ISL_426942@2020.227 -> Australia_A_EPI_ISL_426942_2020.227
Australia@B.1@EPI_ISL_426969@2020.232 -> Australia_B.1_EPI_ISL_426969_2020.232
Australia@B.3@EPI_ISL_427042@2020.21 -> Australia_B.3_EPI_ISL_427042_2020.21
Australia@B.1.1.1@EPI_ISL_427080@2020.224 -> Australia_B.1.1.1_EPI_ISL_427080_2020.224
Australia@B.61@EPI_ISL_419793@2020.199 -> Australia_B.61_EPI_ISL_419793_2020.199
Australia@B@EPI_ISL_419799@2020.199 -> Australia_B_EPI_ISL_419799_2020.199
Australia@B.1.1@EPI_ISL_419801@2020.202 -> Australia_B.1.1_EPI_ISL_419801_2020.202
Australia@B.1.23@EPI_ISL_430472@2020.23 -> Australia_B.1.23_EPI_ISL_430472_2020.23
Australia@B.1@EPI_ISL_1055352@2020.232 -> Australia_B.1_EPI_ISL_1055352_2020.232
Australia@B.1@EPI_ISL_419806@2020.205 -> Australia_B.1_EPI_ISL_419806_2020.205

                                            Gap/Ambiguity  Composition  p-value
   1  Australia_B_EPI_ISL_416411_2020.066           0.05%    passed     99.91%
   2  Australia_B_EPI_ISL_416515_2020.202           1.01%    passed     99.78%
   3  Australia_B.3_EPI_ISL_419813_2020.205         0.90%    passed     99.67%
   4  Australia_A.1_EPI_ISL_419716_2020.21          0.03%    passed     99.92%
   5  Australia_B.1_EPI_ISL_419725_2020.216         0.14%    passed     99.98%
   6  Australia_A.1_EPI_ISL_419719_2020.208         0.92%    passed     99.86%
   7  Australia_B.40_EPI_ISL_416518_2020.205        2.96%    passed     98.94%
   8  Australia_B.40_EPI_ISL_419729_2020.216        0.09%    passed     99.96%
   9  Australia_B.1.1_EPI_ISL_419730_2020.216       0.08%    passed     99.93%
  10  Australia_A.1_EPI_ISL_468067_2020.221         2.99%    passed     99.90%
  11  Australia_B.1_EPI_ISL_419830_2020.221         0.16%    passed     99.76%
  12  Australia_A.1_EPI_ISL_563817_2020.213         0.38%    passed     99.68%
  13  Australia_B.6.6_EPI_ISL_563832_2020.227       0.33%    passed     99.78%
  14  Australia_B_EPI_ISL_419734_2020.087           1.76%    passed     99.83%
  15  Australia_B.29_EPI_ISL_419842_2020.208        0.07%    passed     99.92%
  16  Australia_B.61_EPI_ISL_419843_2020.208        0.06%    passed     99.93%
  17  Australia_B.1_EPI_ISL_419846_2020.208         0.18%    passed     99.99%
  18  Australia_B.1_EPI_ISL_419861_2020.21          0.98%    passed     99.73%
  19  Australia_A_EPI_ISL_419736_2020.18            0.17%    passed     99.98%
  20  Australia_B.4.5_EPI_ISL_456589_2020.191       1.16%    passed     99.26%
  21  Australia_B.40_EPI_ISL_419868_2020.21         0.23%    passed     99.97%
  22  Australia_B.1_EPI_ISL_419880_2020.213         0.05%    passed     99.97%
  23  Australia_B.31_EPI_ISL_521887_2020.221        0.20%    passed     99.72%
  24  Australia_B.1_EPI_ISL_480562_2020.227         3.44%    passed     98.65%
  25  Australia_B.1.1_EPI_ISL_521897_2020.232       0.67%    passed     99.80%
  26  Australia_A.1_EPI_ISL_521899_2020.232         1.17%    passed    100.00%
  27  Australia_B.1.13_EPI_ISL_419897_2020.213      0.07%    passed     99.96%
  28  Australia_B.1_EPI_ISL_419901_2020.213         0.39%    passed     99.82%
  29  Australia_B.1_EPI_ISL_419906_2020.216         0.09%    passed     99.98%
  30  Australia_B.40_EPI_ISL_419913_2020.216        0.19%    passed     99.99%
  31  Australia_B.1_EPI_ISL_419742_2020.186         0.18%    passed     99.99%
  32  Australia_B.1_EPI_ISL_419916_2020.216         0.18%    passed     99.99%
  33  Australia_B.31_EPI_ISL_419918_2020.216        0.03%    passed     99.95%
  34  Australia_B.1_EPI_ISL_419919_2020.216         0.16%    passed     99.98%
  35  Australia_B.35_EPI_ISL_419928_2020.219        0.07%    passed     99.96%
  36  Australia_B.1.319_EPI_ISL_419940_2020.219     0.06%    passed     99.97%
  37  Australia_B.1.1_EPI_ISL_419945_2020.219       0.13%    passed     99.96%
  38  Australia_B.1_EPI_ISL_419949_2020.219         0.01%    passed     99.95%
  39  Australia_A.2.2_EPI_ISL_420036_2020.219       0.01%    passed     99.92%
  40  Australia_B.1_EPI_ISL_419951_2020.219         0.05%    passed     99.97%
  41  Australia_B.1_EPI_ISL_419953_2020.219         0.04%    passed     99.97%
  42  Australia_B.35_EPI_ISL_419961_2020.221        0.16%    passed     99.97%
  43  Australia_A_EPI_ISL_419747_2020.189           0.05%    passed     99.84%
  44  Australia_B.1.1.71_EPI_ISL_419748_2020.189    0.03%    passed     99.89%
  45  Australia_A.2.2_EPI_ISL_419986_2020.224       0.05%    passed     99.95%
  46  Australia_B.1_EPI_ISL_419994_2020.224         0.16%    passed     99.99%
  47  Australia_B.31_EPI_ISL_419996_2020.224        0.08%    passed     99.94%
  48  Australia_B.1_EPI_ISL_419997_2020.224         0.03%    passed     99.94%
  49  Australia_B.1.23_EPI_ISL_420009_2020.227      0.06%    passed     99.95%
  50  Australia_B.1.23_EPI_ISL_420010_2020.227      0.05%    passed     99.97%
  51  Australia_B.39_EPI_ISL_420013_2020.227        0.06%    passed     99.89%
  52  Australia_B.61_EPI_ISL_426638_2020.208        0.19%    passed     99.98%
  53  Australia_B.40_EPI_ISL_426641_2020.21         0.57%    passed     99.84%
  54  Australia_A.1_EPI_ISL_426644_2020.216         0.19%    passed     99.72%
  55  Australia_A.2_EPI_ISL_426647_2020.216         0.34%    passed     99.75%
  56  Australia_B.31_EPI_ISL_426651_2020.216        0.19%    passed     99.79%
  57  Australia_B.1_EPI_ISL_426654_2020.216         0.30%    passed     99.68%
  58  Australia_A.2.2_EPI_ISL_426659_2020.216       0.21%    passed     99.86%
  59  Australia_B.1.320_EPI_ISL_426665_2020.219     0.07%    passed     99.95%
  60  Australia_B.1.1_EPI_ISL_426670_2020.221       0.22%    passed     99.86%
  61  Australia_B.1.1_EPI_ISL_426671_2020.221       0.67%    passed     99.67%
  62  Australia_A.1_EPI_ISL_426672_2020.221         0.19%    passed     99.97%
  63  Australia_B.1.434_EPI_ISL_426678_2020.221     1.28%    passed     99.65%
  64  Australia_A_EPI_ISL_426693_2020.224           1.03%    passed     99.82%
  65  Australia_B_EPI_ISL_426696_2020.224           0.30%    passed     99.73%
  66  Australia_A.1_EPI_ISL_419758_2020.191         0.06%    passed     99.93%
  67  Australia_A.2.2_EPI_ISL_426715_2020.23        0.63%    passed     99.96%
  68  Australia_B.1.1_EPI_ISL_426721_2020.23        0.91%    passed     99.52%
  69  Australia_B.31_EPI_ISL_426722_2020.23         2.64%    passed     89.60%
  70  Australia_A.2.2_EPI_ISL_426732_2020.23        0.85%    passed     99.63%
  71  Australia_B.1_EPI_ISL_426744_2020.227         2.07%    passed     99.61%
  72  Australia_B_EPI_ISL_426751_2020.23            0.71%    passed     99.95%
  73  Australia_B.6_EPI_ISL_426767_2020.224         0.31%    passed     99.77%
  74  Australia_B.1_EPI_ISL_426770_2020.224         0.12%    passed     99.95%
  75  Australia_B.1.434_EPI_ISL_426780_2020.224     1.27%    passed     99.52%
  76  Australia_B.1_EPI_ISL_426784_2020.224         1.07%    passed     98.05%
  77  Australia_B.31_EPI_ISL_426788_2020.224        1.00%    passed     96.63%
  78  Australia_B.1_EPI_ISL_426791_2020.227         4.50%    passed     98.28%
  79  Australia_B.1.434_EPI_ISL_426805_2020.227     0.30%    passed     99.62%
  80  Australia_B.1_EPI_ISL_426807_2020.224         0.33%    passed     99.68%
  81  Australia_B.1_EPI_ISL_426809_2020.227         0.36%    passed     99.97%
  82  Australia_B.6_EPI_ISL_436689_2020.224         1.02%    passed     99.70%
  83  Australia_A_EPI_ISL_419777_2020.194           0.18%    passed     99.96%
  84  Australia_A.2.2_EPI_ISL_426825_2020.23        0.29%    passed     99.76%
  85  Australia_B.1_EPI_ISL_426831_2020.23          0.19%    passed     99.99%
  86  Australia_B.4.5_EPI_ISL_419784_2020.194       0.12%    passed     99.91%
  87  Australia_A.2.2_EPI_ISL_426842_2020.23        0.80%    passed     99.94%
  88  Australia_B.1.23_EPI_ISL_426864_2020.232      0.28%    passed     99.90%
  89  Australia_A_EPI_ISL_426942_2020.227           0.18%    passed     99.98%
  90  Australia_B.1_EPI_ISL_426969_2020.232         1.63%    passed     99.00%
  91  Australia_B.3_EPI_ISL_427042_2020.21          1.69%    passed     98.44%
  92  Australia_B.1.1.1_EPI_ISL_427080_2020.224     0.34%    passed     99.94%
  93  Australia_B.61_EPI_ISL_419793_2020.199        0.12%    passed     99.94%
  94  Australia_B_EPI_ISL_419799_2020.199           0.08%    passed     99.90%
  95  Australia_B.1.1_EPI_ISL_419801_2020.202       0.10%    passed     99.89%
  96  Australia_B.1.23_EPI_ISL_430472_2020.23       0.77%    passed     98.67%
  97  Australia_B.1_EPI_ISL_1055352_2020.232        0.48%    passed     99.90%
  98  Australia_B.1_EPI_ISL_419806_2020.205         0.21%    passed     99.96%
****  TOTAL                                         0.55%  0 sequences failed composition chi2 test (p-value<5%; df=3)

Create initial parsimony tree by phylogenetic likelihood library (PLL)... 0.006 seconds

NOTE: 7 MB RAM (0 GB) is required!
Measuring multi-threading efficiency up to 8 CPU cores
Increase to 10 rounds for branch lengths
112 trees examined
Threads: 1 / Time: 8.074 sec / Speedup: 1.000 / Efficiency: 100% / LogL: -47696
Threads: 2 / Time: 8.783 sec / Speedup: 0.919 / Efficiency: 46% / LogL: -47696
BEST NUMBER OF THREADS: 1

Estimate model parameters (epsilon = 0.100)
Thoroughly optimizing +I+G parameters from 10 start values...
Init pinv, alpha: 0.000, 1.000 / Estimate: 0.000, 0.020 / LogL: -43838.896
Init pinv, alpha: 0.110, 1.000 / Estimate: 0.111, 0.020 / LogL: -43828.017
Init pinv, alpha: 0.221, 1.000 / Estimate: 0.223, 0.020 / LogL: -43815.678
Init pinv, alpha: 0.331, 1.000 / Estimate: 0.445, 0.020 / LogL: -43784.849
Init pinv, alpha: 0.441, 1.000 / Estimate: 0.590, 0.020 / LogL: -43757.867
Init pinv, alpha: 0.552, 1.000 / Estimate: 0.730, 0.020 / LogL: -43722.164
Init pinv, alpha: 0.662, 1.000 / Estimate: 0.856, 0.020 / LogL: -43675.086
Init pinv, alpha: 0.772, 1.000 / Estimate: 0.936, 0.196 / LogL: -43636.978
Init pinv, alpha: 0.882, 1.000 / Estimate: 0.978, 1.004 / LogL: -43610.556
Init pinv, alpha: 0.993, 1.000 / Estimate: 0.984, 1.522 / LogL: -43614.453
Optimal pinv,alpha: 0.978, 1.004 / LogL: -43610.556

Parameters optimization took 60.155 sec
Computing ML distances based on estimated model parameters... 0.183 sec
Computing BIONJ tree...
0.005 seconds
Log-likelihood of BIONJ tree: -43601.349
--------------------------------------------------------------------
|             INITIALIZING CANDIDATE TREE SET                      |
--------------------------------------------------------------------
Generating 98 parsimony trees... 0.555 second
Computing log-likelihood of 98 initial trees ... 1.356 seconds
Current best score: -43584.111

Do NNI search on 20 best initial trees
Estimate model parameters (epsilon = 0.100)
BETTER TREE FOUND at iteration 1: -43579.050
Estimate model parameters (epsilon = 0.100)
BETTER TREE FOUND at iteration 2: -43578.116
Estimate model parameters (epsilon = 0.100)
BETTER TREE FOUND at iteration 3: -43577.340
Estimate model parameters (epsilon = 0.100)
BETTER TREE FOUND at iteration 10: -43575.530
Iteration 10 / LogL: -43575.530 / Time: 0h:1m:22s
Iteration 20 / LogL: -43581.556 / Time: 0h:1m:24s
Finish initializing candidate tree set (20)
Current best tree score: -43575.530 / CPU time: 7.344
Number of iterations: 20
--------------------------------------------------------------------
|               OPTIMIZING CANDIDATE TREE SET                      |
--------------------------------------------------------------------
Iteration 30 / LogL: -43597.557 / Time: 0h:1m:28s (0h:4m:4s left)
Iteration 40 / LogL: -43580.216 / Time: 0h:1m:31s (0h:2m:44s left)
Iteration 50 / LogL: -43575.858 / Time: 0h:1m:34s (0h:1m:56s left)
Iteration 60 / LogL: -43576.417 / Time: 0h:1m:38s (0h:1m:23s left)
Estimate model parameters (epsilon = 0.100)
BETTER TREE FOUND at iteration 66: -43575.040
Iteration 70 / LogL: -43582.668 / Time: 0h:1m:41s (0h:2m:21s left)
Iteration 80 / LogL: -43575.285 / Time: 0h:1m:44s (0h:1m:54s left)
Iteration 90 / LogL: -43575.344 / Time: 0h:1m:47s (0h:1m:32s left)
Iteration 100 / LogL: -43584.382 / Time: 0h:1m:50s (0h:1m:13s left)
Iteration 110 / LogL: -43575.366 / Time: 0h:1m:53s (0h:0m:58s left)
Iteration 120 / LogL: -43575.175 / Time: 0h:1m:56s (0h:0m:45s left)
Iteration 130 / LogL: -43593.394 / Time: 0h:2m:0s (0h:0m:33s left)
Iteration 140 / LogL: -43577.235 / Time: 0h:2m:3s (0h:0m:23s left)
Iteration 150 / LogL: -43575.148 / Time: 0h:2m:6s (0h:0m:13s left)
Estimate model parameters (epsilon = 0.100)
BETTER TREE FOUND at iteration 156: -43574.979
Iteration 160 / LogL: -43575.131 / Time: 0h:2m:9s (0h:1m:18s left)
Iteration 170 / LogL: -43575.302 / Time: 0h:2m:12s (0h:1m:7s left)
Iteration 180 / LogL: -43576.705 / Time: 0h:2m:15s (0h:0m:57s left)
Iteration 190 / LogL: -43584.563 / Time: 0h:2m:18s (0h:0m:48s left)
Iteration 200 / LogL: -43575.039 / Time: 0h:2m:21s (0h:0m:39s left)
Iteration 210 / LogL: -43575.389 / Time: 0h:2m:24s (0h:0m:31s left)
Iteration 220 / LogL: -43580.647 / Time: 0h:2m:27s (0h:0m:24s left)
Iteration 230 / LogL: -43575.155 / Time: 0h:2m:30s (0h:0m:17s left)
Iteration 240 / LogL: -43578.717 / Time: 0h:2m:33s (0h:0m:10s left)
Iteration 250 / LogL: -43576.665 / Time: 0h:2m:37s (0h:0m:3s left)
TREE SEARCH COMPLETED AFTER 257 ITERATIONS / Time: 0h:2m:40s

--------------------------------------------------------------------
|                    FINALIZING TREE SEARCH                        |
--------------------------------------------------------------------
Performs final model parameters optimization
Estimate model parameters (epsilon = 0.010)
1. Initial log-likelihood: -43574.979
2. Current log-likelihood: -43574.959
Optimal log-likelihood: -43574.949
Rate parameters:  A-C: 0.37777  A-G: 0.64156  A-T: 0.54401  C-G: 0.11547  C-T: 2.12790  G-T: 1.00000
Base frequencies:  A: 0.299  C: 0.184  G: 0.196  T: 0.321
Proportion of invariable sites: 0.980
Gamma shape alpha: 1.203
Parameters optimization took 2 rounds (0.170 sec)
BEST SCORE FOUND : -43574.949
Total tree length: 0.011

Total number of iterations: 257
CPU time used for tree search: 81.833 sec (0h:1m:21s)
Wall-clock time used for tree search: 82.869 sec (0h:1m:22s)
Total CPU time used: 160.836 sec (0h:2m:40s)
Total wall-clock time used: 160.332 sec (0h:2m:40s)

Analysis results written to: 
  IQ-TREE report:                trees/gisaid.afa.iqtree
  Maximum-likelihood tree:       trees/gisaid.afa.treefile
  Likelihood distances:          trees/gisaid.afa.mldist
  Screen log file:               trees/gisaid.afa.log

Date and Time: Mon Oct 11 10:06:05 2021
